ERROR || 6/23/2017 20:9:59:759
	uncaughtException: No INPUT matching 'input[name=username]'AssertionError: No INPUT matching 'input[name=username]'
    at Browser.fill (E:\XAMPP\htdocs\autoLogin\node_modules\zombie\lib\index.js:841:7)
    at E:\XAMPP\htdocs\autoLogin\server.js:122:17
    at E:\XAMPP\htdocs\autoLogin\node_modules\zombie\lib\index.js:1665:16
    at Browser.done (E:\XAMPP\htdocs\autoLogin\node_modules\zombie\lib\eventloop.js:589:11)
    at Browser.g (events.js:291:16)
    at emitOne (events.js:101:20)
    at Browser.emit (events.js:188:7)
    at E:\XAMPP\htdocs\autoLogin\node_modules\zombie\lib\document.js:889:15
    at E:\XAMPP\htdocs\autoLogin\node_modules\zombie\lib\eventloop.js:377:27
    at tryCatcher (E:\XAMPP\htdocs\autoLogin\node_modules\bluebird\js\release\util.js:16:23)
    at Promise._settlePromiseFromHandler (E:\XAMPP\htdocs\autoLogin\node_modules\bluebird\js\release\promise.js:512:31)
    at Promise._settlePromise (E:\XAMPP\htdocs\autoLogin\node_modules\bluebird\js\release\promise.js:569:18)
    at Promise._settlePromise0 (E:\XAMPP\htdocs\autoLogin\node_modules\bluebird\js\release\promise.js:614:10)
    at Promise._settlePromises (E:\XAMPP\htdocs\autoLogin\node_modules\bluebird\js\release\promise.js:689:18)
    at Async._drainQueue (E:\XAMPP\htdocs\autoLogin\node_modules\bluebird\js\release\async.js:133:16)
    at Async._drainQueues (E:\XAMPP\htdocs\autoLogin\node_modules\bluebird\js\release\async.js:143:10)
------------------------------
ERROR || 6/23/2017 20:10:53:866
	uncaughtException: No INPUT matching 'input[name=username]'AssertionError: No INPUT matching 'input[name=username]'
    at Browser.fill (E:\XAMPP\htdocs\autoLogin\node_modules\zombie\lib\index.js:841:7)
    at E:\XAMPP\htdocs\autoLogin\server.js:122:17
    at E:\XAMPP\htdocs\autoLogin\node_modules\zombie\lib\index.js:1665:16
    at Browser.done (E:\XAMPP\htdocs\autoLogin\node_modules\zombie\lib\eventloop.js:589:11)
    at Browser.g (events.js:291:16)
    at emitOne (events.js:101:20)
    at Browser.emit (events.js:188:7)
    at E:\XAMPP\htdocs\autoLogin\node_modules\zombie\lib\document.js:889:15
    at E:\XAMPP\htdocs\autoLogin\node_modules\zombie\lib\eventloop.js:377:27
    at tryCatcher (E:\XAMPP\htdocs\autoLogin\node_modules\bluebird\js\release\util.js:16:23)
    at Promise._settlePromiseFromHandler (E:\XAMPP\htdocs\autoLogin\node_modules\bluebird\js\release\promise.js:512:31)
    at Promise._settlePromise (E:\XAMPP\htdocs\autoLogin\node_modules\bluebird\js\release\promise.js:569:18)
    at Promise._settlePromise0 (E:\XAMPP\htdocs\autoLogin\node_modules\bluebird\js\release\promise.js:614:10)
    at Promise._settlePromises (E:\XAMPP\htdocs\autoLogin\node_modules\bluebird\js\release\promise.js:689:18)
    at Async._drainQueue (E:\XAMPP\htdocs\autoLogin\node_modules\bluebird\js\release\async.js:133:16)
    at Async._drainQueues (E:\XAMPP\htdocs\autoLogin\node_modules\bluebird\js\release\async.js:143:10)
------------------------------
ERROR || 6/23/2017 20:11:39:657
	uncaughtException: No INPUT matching 'input[name=username]'AssertionError: No INPUT matching 'input[name=username]'
    at Browser.fill (E:\XAMPP\htdocs\autoLogin\node_modules\zombie\lib\index.js:841:7)
    at E:\XAMPP\htdocs\autoLogin\server.js:122:17
    at E:\XAMPP\htdocs\autoLogin\node_modules\zombie\lib\index.js:1665:16
    at Browser.done (E:\XAMPP\htdocs\autoLogin\node_modules\zombie\lib\eventloop.js:589:11)
    at Browser.g (events.js:291:16)
    at emitOne (events.js:101:20)
    at Browser.emit (events.js:188:7)
    at E:\XAMPP\htdocs\autoLogin\node_modules\zombie\lib\document.js:889:15
    at E:\XAMPP\htdocs\autoLogin\node_modules\zombie\lib\eventloop.js:377:27
    at tryCatcher (E:\XAMPP\htdocs\autoLogin\node_modules\bluebird\js\release\util.js:16:23)
    at Promise._settlePromiseFromHandler (E:\XAMPP\htdocs\autoLogin\node_modules\bluebird\js\release\promise.js:512:31)
    at Promise._settlePromise (E:\XAMPP\htdocs\autoLogin\node_modules\bluebird\js\release\promise.js:569:18)
    at Promise._settlePromise0 (E:\XAMPP\htdocs\autoLogin\node_modules\bluebird\js\release\promise.js:614:10)
    at Promise._settlePromises (E:\XAMPP\htdocs\autoLogin\node_modules\bluebird\js\release\promise.js:689:18)
    at Async._drainQueue (E:\XAMPP\htdocs\autoLogin\node_modules\bluebird\js\release\async.js:133:16)
    at Async._drainQueues (E:\XAMPP\htdocs\autoLogin\node_modules\bluebird\js\release\async.js:143:10)
------------------------------
ERROR || 6/23/2017 20:12:16:921
	uncaughtException: No INPUT matching 'input[name=username]'AssertionError: No INPUT matching 'input[name=username]'
    at Browser.fill (E:\XAMPP\htdocs\autoLogin\node_modules\zombie\lib\index.js:841:7)
    at E:\XAMPP\htdocs\autoLogin\server.js:122:17
    at E:\XAMPP\htdocs\autoLogin\node_modules\zombie\lib\index.js:1665:16
    at Browser.done (E:\XAMPP\htdocs\autoLogin\node_modules\zombie\lib\eventloop.js:589:11)
    at Browser.g (events.js:291:16)
    at emitOne (events.js:101:20)
    at Browser.emit (events.js:188:7)
    at E:\XAMPP\htdocs\autoLogin\node_modules\zombie\lib\document.js:889:15
    at E:\XAMPP\htdocs\autoLogin\node_modules\zombie\lib\eventloop.js:377:27
    at tryCatcher (E:\XAMPP\htdocs\autoLogin\node_modules\bluebird\js\release\util.js:16:23)
    at Promise._settlePromiseFromHandler (E:\XAMPP\htdocs\autoLogin\node_modules\bluebird\js\release\promise.js:512:31)
    at Promise._settlePromise (E:\XAMPP\htdocs\autoLogin\node_modules\bluebird\js\release\promise.js:569:18)
    at Promise._settlePromise0 (E:\XAMPP\htdocs\autoLogin\node_modules\bluebird\js\release\promise.js:614:10)
    at Promise._settlePromises (E:\XAMPP\htdocs\autoLogin\node_modules\bluebird\js\release\promise.js:689:18)
    at Async._drainQueue (E:\XAMPP\htdocs\autoLogin\node_modules\bluebird\js\release\async.js:133:16)
    at Async._drainQueues (E:\XAMPP\htdocs\autoLogin\node_modules\bluebird\js\release\async.js:143:10)
------------------------------
ERROR || 6/23/2017 20:12:40:691
	uncaughtException: No INPUT matching 'input[name=username]'AssertionError: No INPUT matching 'input[name=username]'
    at Browser.fill (E:\XAMPP\htdocs\autoLogin\node_modules\zombie\lib\index.js:841:7)
    at E:\XAMPP\htdocs\autoLogin\server.js:122:17
    at E:\XAMPP\htdocs\autoLogin\node_modules\zombie\lib\index.js:1665:16
    at Browser.done (E:\XAMPP\htdocs\autoLogin\node_modules\zombie\lib\eventloop.js:589:11)
    at Browser.g (events.js:291:16)
    at emitOne (events.js:101:20)
    at Browser.emit (events.js:188:7)
    at E:\XAMPP\htdocs\autoLogin\node_modules\zombie\lib\document.js:889:15
    at E:\XAMPP\htdocs\autoLogin\node_modules\zombie\lib\eventloop.js:377:27
    at tryCatcher (E:\XAMPP\htdocs\autoLogin\node_modules\bluebird\js\release\util.js:16:23)
    at Promise._settlePromiseFromHandler (E:\XAMPP\htdocs\autoLogin\node_modules\bluebird\js\release\promise.js:512:31)
    at Promise._settlePromise (E:\XAMPP\htdocs\autoLogin\node_modules\bluebird\js\release\promise.js:569:18)
    at Promise._settlePromise0 (E:\XAMPP\htdocs\autoLogin\node_modules\bluebird\js\release\promise.js:614:10)
    at Promise._settlePromises (E:\XAMPP\htdocs\autoLogin\node_modules\bluebird\js\release\promise.js:689:18)
    at Async._drainQueue (E:\XAMPP\htdocs\autoLogin\node_modules\bluebird\js\release\async.js:133:16)
    at Async._drainQueues (E:\XAMPP\htdocs\autoLogin\node_modules\bluebird\js\release\async.js:143:10)
------------------------------
ERROR || 6/25/2017 17:52:9:18
	uncaughtException: No INPUT matching 'input[name=username]'AssertionError: No INPUT matching 'input[name=username]'
    at Browser.fill (E:\XAMPP\htdocs\autoLogin\node_modules\zombie\lib\index.js:841:7)
    at E:\XAMPP\htdocs\autoLogin\server.js:122:17
    at E:\XAMPP\htdocs\autoLogin\node_modules\zombie\lib\index.js:1665:16
    at Browser.done (E:\XAMPP\htdocs\autoLogin\node_modules\zombie\lib\eventloop.js:589:11)
    at Browser.g (events.js:291:16)
    at emitOne (events.js:101:20)
    at Browser.emit (events.js:188:7)
    at E:\XAMPP\htdocs\autoLogin\node_modules\zombie\lib\document.js:889:15
    at E:\XAMPP\htdocs\autoLogin\node_modules\zombie\lib\eventloop.js:377:27
    at tryCatcher (E:\XAMPP\htdocs\autoLogin\node_modules\bluebird\js\release\util.js:16:23)
    at Promise._settlePromiseFromHandler (E:\XAMPP\htdocs\autoLogin\node_modules\bluebird\js\release\promise.js:512:31)
    at Promise._settlePromise (E:\XAMPP\htdocs\autoLogin\node_modules\bluebird\js\release\promise.js:569:18)
    at Promise._settlePromise0 (E:\XAMPP\htdocs\autoLogin\node_modules\bluebird\js\release\promise.js:614:10)
    at Promise._settlePromises (E:\XAMPP\htdocs\autoLogin\node_modules\bluebird\js\release\promise.js:689:18)
    at Async._drainQueue (E:\XAMPP\htdocs\autoLogin\node_modules\bluebird\js\release\async.js:133:16)
    at Async._drainQueues (E:\XAMPP\htdocs\autoLogin\node_modules\bluebird\js\release\async.js:143:10)
------------------------------
ERROR || 7/9/2017 5:45:34:635
	uncaughtException: Cannot read property 'username' of undefinedTypeError: Cannot read property 'username' of undefined
    at E:\XAMPP\htdocs\autoLogin\server.js:154:38
    at E:\XAMPP\htdocs\autoLogin\node_modules\zombie\lib\index.js:1665:16
    at EventLoop.done (E:\XAMPP\htdocs\autoLogin\node_modules\zombie\lib\eventloop.js:589:11)
    at EventLoop.g (events.js:291:16)
    at emitNone (events.js:91:20)
    at EventLoop.emit (events.js:185:7)
    at Immediate.<anonymous> (E:\XAMPP\htdocs\autoLogin\node_modules\zombie\lib\eventloop.js:688:71)
    at runCallback (timers.js:649:20)
    at tryOnImmediate (timers.js:622:5)
    at processImmediate [as _immediateCallback] (timers.js:594:5)
------------------------------
ERROR || 7/9/2017 5:46:10:419
	uncaughtException: Cannot read property 'username' of undefinedTypeError: Cannot read property 'username' of undefined
    at E:\XAMPP\htdocs\autoLogin\server.js:156:38
    at E:\XAMPP\htdocs\autoLogin\node_modules\zombie\lib\index.js:1665:16
    at EventLoop.done (E:\XAMPP\htdocs\autoLogin\node_modules\zombie\lib\eventloop.js:589:11)
    at EventLoop.g (events.js:291:16)
    at emitNone (events.js:91:20)
    at EventLoop.emit (events.js:185:7)
    at Immediate.<anonymous> (E:\XAMPP\htdocs\autoLogin\node_modules\zombie\lib\eventloop.js:688:71)
    at runCallback (timers.js:649:20)
    at tryOnImmediate (timers.js:622:5)
    at processImmediate [as _immediateCallback] (timers.js:594:5)
------------------------------
ERROR || 7/9/2017 5:46:29:281
	uncaughtException: Cannot read property 'username' of undefinedTypeError: Cannot read property 'username' of undefined
    at E:\XAMPP\htdocs\autoLogin\server.js:157:38
    at E:\XAMPP\htdocs\autoLogin\node_modules\zombie\lib\index.js:1665:16
    at EventLoop.done (E:\XAMPP\htdocs\autoLogin\node_modules\zombie\lib\eventloop.js:589:11)
    at EventLoop.g (events.js:291:16)
    at emitNone (events.js:91:20)
    at EventLoop.emit (events.js:185:7)
    at Immediate.<anonymous> (E:\XAMPP\htdocs\autoLogin\node_modules\zombie\lib\eventloop.js:688:71)
    at runCallback (timers.js:649:20)
    at tryOnImmediate (timers.js:622:5)
    at processImmediate [as _immediateCallback] (timers.js:594:5)
------------------------------
ERROR || 7/9/2017 6:58:41:286
	uncaughtException: routes is not definedReferenceError: routes is not defined
    at Object.<anonymous> (E:\XAMPP\htdocs\autoLogin\server.js:32:14)
    at Module._compile (module.js:570:32)
    at Object.Module._extensions..js (module.js:579:10)
    at Module.load (module.js:487:32)
    at tryModuleLoad (module.js:446:12)
    at Function.Module._load (module.js:438:3)
    at Module.runMain (module.js:604:10)
    at run (bootstrap_node.js:394:7)
    at startup (bootstrap_node.js:149:9)
    at bootstrap_node.js:509:3
------------------------------
ERROR || 7/9/2017 6:58:54:708
	uncaughtException: Cannot find module 'crawler.js'Error: Cannot find module 'crawler.js'
    at Function.Module._resolveFilename (module.js:469:15)
    at Function.Module._load (module.js:417:25)
    at Module.require (module.js:497:17)
    at require (internal/module.js:20:19)
    at Object.<anonymous> (E:\XAMPP\htdocs\autoLogin\lib\routes.js:3:17)
    at Module._compile (module.js:570:32)
    at Object.Module._extensions..js (module.js:579:10)
    at Module.load (module.js:487:32)
    at tryModuleLoad (module.js:446:12)
    at Function.Module._load (module.js:438:3)
    at Module.require (module.js:497:17)
    at require (internal/module.js:20:19)
    at Object.<anonymous> (E:\XAMPP\htdocs\autoLogin\server.js:8:16)
    at Module._compile (module.js:570:32)
    at Object.Module._extensions..js (module.js:579:10)
    at Module.load (module.js:487:32)
------------------------------
ERROR || 7/9/2017 7:0:17:580
	uncaughtException: Cannot find module 'crawler.js'Error: Cannot find module 'crawler.js'
    at Function.Module._resolveFilename (module.js:469:15)
    at Function.Module._load (module.js:417:25)
    at Module.require (module.js:497:17)
    at require (internal/module.js:20:19)
    at Object.<anonymous> (E:\XAMPP\htdocs\autoLogin\lib\routes.js:3:17)
    at Module._compile (module.js:570:32)
    at Object.Module._extensions..js (module.js:579:10)
    at Module.load (module.js:487:32)
    at tryModuleLoad (module.js:446:12)
    at Function.Module._load (module.js:438:3)
    at Module.require (module.js:497:17)
    at require (internal/module.js:20:19)
    at Object.<anonymous> (E:\XAMPP\htdocs\autoLogin\server.js:8:16)
    at Module._compile (module.js:570:32)
    at Object.Module._extensions..js (module.js:579:10)
    at Module.load (module.js:487:32)
------------------------------
ERROR || 7/9/2017 7:0:49:936
	uncaughtException: Cannot find module 'crawler.js'Error: Cannot find module 'crawler.js'
    at Function.Module._resolveFilename (module.js:469:15)
    at Function.Module._load (module.js:417:25)
    at Module.require (module.js:497:17)
    at require (internal/module.js:20:19)
    at Object.<anonymous> (E:\XAMPP\htdocs\autoLogin\lib\routes.js:3:17)
    at Module._compile (module.js:570:32)
    at Object.Module._extensions..js (module.js:579:10)
    at Module.load (module.js:487:32)
    at tryModuleLoad (module.js:446:12)
    at Function.Module._load (module.js:438:3)
    at Module.require (module.js:497:17)
    at require (internal/module.js:20:19)
    at Object.<anonymous> (E:\XAMPP\htdocs\autoLogin\server.js:8:16)
    at Module._compile (module.js:570:32)
    at Object.Module._extensions..js (module.js:579:10)
    at Module.load (module.js:487:32)
------------------------------
ERROR || 7/9/2017 7:1:38:882
	uncaughtException: Cannot find module 'crawler.js'Error: Cannot find module 'crawler.js'
    at Function.Module._resolveFilename (module.js:469:15)
    at Function.Module._load (module.js:417:25)
    at Module.require (module.js:497:17)
    at require (internal/module.js:20:19)
    at Object.<anonymous> (E:\XAMPP\htdocs\autoLogin\lib\routes.js:3:17)
    at Module._compile (module.js:570:32)
    at Object.Module._extensions..js (module.js:579:10)
    at Module.load (module.js:487:32)
    at tryModuleLoad (module.js:446:12)
    at Function.Module._load (module.js:438:3)
    at Module.require (module.js:497:17)
    at require (internal/module.js:20:19)
    at Object.<anonymous> (E:\XAMPP\htdocs\autoLogin\server.js:8:16)
    at Module._compile (module.js:570:32)
    at Object.Module._extensions..js (module.js:579:10)
    at Module.load (module.js:487:32)
------------------------------
ERROR || 7/9/2017 7:2:12:639
	uncaughtException: Cannot find module 'crawler.js'Error: Cannot find module 'crawler.js'
    at Function.Module._resolveFilename (module.js:469:15)
    at Function.Module._load (module.js:417:25)
    at Module.require (module.js:497:17)
    at require (internal/module.js:20:19)
    at Object.<anonymous> (E:\XAMPP\htdocs\autoLogin\lib\routes.js:3:17)
    at Module._compile (module.js:570:32)
    at Object.Module._extensions..js (module.js:579:10)
    at Module.load (module.js:487:32)
    at tryModuleLoad (module.js:446:12)
    at Function.Module._load (module.js:438:3)
    at Module.require (module.js:497:17)
    at require (internal/module.js:20:19)
    at Object.<anonymous> (E:\XAMPP\htdocs\autoLogin\server.js:8:16)
    at Module._compile (module.js:570:32)
    at Object.Module._extensions..js (module.js:579:10)
    at Module.load (module.js:487:32)
------------------------------
ERROR || 7/9/2017 7:3:47:424
	uncaughtException: Cannot find module 'crawler.js'Error: Cannot find module 'crawler.js'
    at Function.Module._resolveFilename (module.js:469:15)
    at Function.Module._load (module.js:417:25)
    at Module.require (module.js:497:17)
    at require (internal/module.js:20:19)
    at Object.<anonymous> (E:\XAMPP\htdocs\autoLogin\lib\routes.js:3:17)
    at Module._compile (module.js:570:32)
    at Object.Module._extensions..js (module.js:579:10)
    at Module.load (module.js:487:32)
    at tryModuleLoad (module.js:446:12)
    at Function.Module._load (module.js:438:3)
    at Module.require (module.js:497:17)
    at require (internal/module.js:20:19)
    at Object.<anonymous> (E:\XAMPP\htdocs\autoLogin\server.js:8:16)
    at Module._compile (module.js:570:32)
    at Object.Module._extensions..js (module.js:579:10)
    at Module.load (module.js:487:32)
------------------------------
ERROR || 7/9/2017 7:3:53:736
	uncaughtException: Cannot find module 'crawler.js'Error: Cannot find module 'crawler.js'
    at Function.Module._resolveFilename (module.js:469:15)
    at Function.Module._load (module.js:417:25)
    at Module.require (module.js:497:17)
    at require (internal/module.js:20:19)
    at Object.<anonymous> (E:\XAMPP\htdocs\autoLogin\lib\routes.js:3:17)
    at Module._compile (module.js:570:32)
    at Object.Module._extensions..js (module.js:579:10)
    at Module.load (module.js:487:32)
    at tryModuleLoad (module.js:446:12)
    at Function.Module._load (module.js:438:3)
    at Module.require (module.js:497:17)
    at require (internal/module.js:20:19)
    at Object.<anonymous> (E:\XAMPP\htdocs\autoLogin\server.js:8:16)
    at Module._compile (module.js:570:32)
    at Object.Module._extensions..js (module.js:579:10)
    at Module.load (module.js:487:32)
------------------------------
ERROR || 7/9/2017 7:4:13:246
	uncaughtException: Cannot find module 'crawler.js'Error: Cannot find module 'crawler.js'
    at Function.Module._resolveFilename (module.js:469:15)
    at Function.Module._load (module.js:417:25)
    at Module.require (module.js:497:17)
    at require (internal/module.js:20:19)
    at Object.<anonymous> (E:\XAMPP\htdocs\autoLogin\lib\routes.js:3:17)
    at Module._compile (module.js:570:32)
    at Object.Module._extensions..js (module.js:579:10)
    at Module.load (module.js:487:32)
    at tryModuleLoad (module.js:446:12)
    at Function.Module._load (module.js:438:3)
    at Module.require (module.js:497:17)
    at require (internal/module.js:20:19)
    at Object.<anonymous> (E:\XAMPP\htdocs\autoLogin\server.js:8:16)
    at Module._compile (module.js:570:32)
    at Object.Module._extensions..js (module.js:579:10)
    at Module.load (module.js:487:32)
------------------------------
ERROR || 7/9/2017 7:4:25:905
	uncaughtException: Cannot find module 'crawler.js'Error: Cannot find module 'crawler.js'
    at Function.Module._resolveFilename (module.js:469:15)
    at Function.Module._load (module.js:417:25)
    at Module.require (module.js:497:17)
    at require (internal/module.js:20:19)
    at Object.<anonymous> (E:\XAMPP\htdocs\autoLogin\lib\routes.js:3:17)
    at Module._compile (module.js:570:32)
    at Object.Module._extensions..js (module.js:579:10)
    at Module.load (module.js:487:32)
    at tryModuleLoad (module.js:446:12)
    at Function.Module._load (module.js:438:3)
    at Module.require (module.js:497:17)
    at require (internal/module.js:20:19)
    at Object.<anonymous> (E:\XAMPP\htdocs\autoLogin\server.js:8:16)
    at Module._compile (module.js:570:32)
    at Object.Module._extensions..js (module.js:579:10)
    at Module.load (module.js:487:32)
------------------------------
ERROR || 7/9/2017 7:4:44:652
	uncaughtException: Cannot find module 'crawler.js'Error: Cannot find module 'crawler.js'
    at Function.Module._resolveFilename (module.js:469:15)
    at Function.Module._load (module.js:417:25)
    at Module.require (module.js:497:17)
    at require (internal/module.js:20:19)
    at Object.<anonymous> (E:\XAMPP\htdocs\autoLogin\lib\routes.js:3:17)
    at Module._compile (module.js:570:32)
    at Object.Module._extensions..js (module.js:579:10)
    at Module.load (module.js:487:32)
    at tryModuleLoad (module.js:446:12)
    at Function.Module._load (module.js:438:3)
    at Module.require (module.js:497:17)
    at require (internal/module.js:20:19)
    at Object.<anonymous> (E:\XAMPP\htdocs\autoLogin\server.js:8:13)
    at Module._compile (module.js:570:32)
    at Object.Module._extensions..js (module.js:579:10)
    at Module.load (module.js:487:32)
------------------------------
ERROR || 7/9/2017 7:5:14:904
	uncaughtException: Cannot find module 'crawler.js'Error: Cannot find module 'crawler.js'
    at Function.Module._resolveFilename (module.js:469:15)
    at Function.Module._load (module.js:417:25)
    at Module.require (module.js:497:17)
    at require (internal/module.js:20:19)
    at Object.<anonymous> (E:\XAMPP\htdocs\autoLogin\lib\routes.js:2:17)
    at Module._compile (module.js:570:32)
    at Object.Module._extensions..js (module.js:579:10)
    at Module.load (module.js:487:32)
    at tryModuleLoad (module.js:446:12)
    at Function.Module._load (module.js:438:3)
    at Module.require (module.js:497:17)
    at require (internal/module.js:20:19)
    at Object.<anonymous> (E:\XAMPP\htdocs\autoLogin\server.js:8:13)
    at Module._compile (module.js:570:32)
    at Object.Module._extensions..js (module.js:579:10)
    at Module.load (module.js:487:32)
------------------------------
ERROR || 7/9/2017 7:5:40:149
	uncaughtException: Cannot find module 'crawler.js'Error: Cannot find module 'crawler.js'
    at Function.Module._resolveFilename (module.js:469:15)
    at Function.Module._load (module.js:417:25)
    at Module.require (module.js:497:17)
    at require (internal/module.js:20:19)
    at Object.<anonymous> (E:\XAMPP\htdocs\autoLogin\lib\routes.js:3:17)
    at Module._compile (module.js:570:32)
    at Object.Module._extensions..js (module.js:579:10)
    at Module.load (module.js:487:32)
    at tryModuleLoad (module.js:446:12)
    at Function.Module._load (module.js:438:3)
    at Module.require (module.js:497:17)
    at require (internal/module.js:20:19)
    at Object.<anonymous> (E:\XAMPP\htdocs\autoLogin\server.js:8:13)
    at Module._compile (module.js:570:32)
    at Object.Module._extensions..js (module.js:579:10)
    at Module.load (module.js:487:32)
------------------------------
ERROR || 7/9/2017 7:7:32:857
	uncaughtException: Cannot find module 'crawler.js'Error: Cannot find module 'crawler.js'
    at Function.Module._resolveFilename (module.js:469:15)
    at Function.Module._load (module.js:417:25)
    at Module.require (module.js:497:17)
    at require (internal/module.js:20:19)
    at Object.<anonymous> (E:\XAMPP\htdocs\autoLogin\lib\routes.js:3:17)
    at Module._compile (module.js:570:32)
    at Object.Module._extensions..js (module.js:579:10)
    at Module.load (module.js:487:32)
    at tryModuleLoad (module.js:446:12)
    at Function.Module._load (module.js:438:3)
    at Module.require (module.js:497:17)
    at require (internal/module.js:20:19)
    at Object.<anonymous> (E:\XAMPP\htdocs\autoLogin\server.js:8:16)
    at Module._compile (module.js:570:32)
    at Object.Module._extensions..js (module.js:579:10)
    at Module.load (module.js:487:32)
------------------------------
ERROR || 7/9/2017 7:7:39:166
	uncaughtException: routes is not definedReferenceError: routes is not defined
    at Object.<anonymous> (E:\XAMPP\htdocs\autoLogin\server.js:20:13)
    at Module._compile (module.js:570:32)
    at Object.Module._extensions..js (module.js:579:10)
    at Module.load (module.js:487:32)
    at tryModuleLoad (module.js:446:12)
    at Function.Module._load (module.js:438:3)
    at Module.runMain (module.js:604:10)
    at run (bootstrap_node.js:394:7)
    at startup (bootstrap_node.js:149:9)
    at bootstrap_node.js:509:3
------------------------------
ERROR || 7/9/2017 7:9:6:503
	uncaughtException: port is not definedReferenceError: port is not defined
    at Object.<anonymous> (E:\XAMPP\htdocs\autoLogin\server.js:24:12)
    at Module._compile (module.js:570:32)
    at Object.Module._extensions..js (module.js:579:10)
    at Module.load (module.js:487:32)
    at tryModuleLoad (module.js:446:12)
    at Function.Module._load (module.js:438:3)
    at Module.runMain (module.js:604:10)
    at run (bootstrap_node.js:394:7)
    at startup (bootstrap_node.js:149:9)
    at bootstrap_node.js:509:3
------------------------------
ERROR || 7/9/2017 7:9:47:647
	uncaughtException: Cannot find module 'crawler.js'Error: Cannot find module 'crawler.js'
    at Function.Module._resolveFilename (module.js:469:15)
    at Function.Module._load (module.js:417:25)
    at Module.require (module.js:497:17)
    at require (internal/module.js:20:19)
    at Object.<anonymous> (E:\XAMPP\htdocs\autoLogin\lib\routes.js:3:17)
    at Module._compile (module.js:570:32)
    at Object.Module._extensions..js (module.js:579:10)
    at Module.load (module.js:487:32)
    at tryModuleLoad (module.js:446:12)
    at Function.Module._load (module.js:438:3)
    at Module.require (module.js:497:17)
    at require (internal/module.js:20:19)
    at Object.<anonymous> (E:\XAMPP\htdocs\autoLogin\server.js:8:16)
    at Module._compile (module.js:570:32)
    at Object.Module._extensions..js (module.js:579:10)
    at Module.load (module.js:487:32)
------------------------------
ERROR || 7/9/2017 7:9:56:489
	uncaughtException: routes is not definedReferenceError: routes is not defined
    at Object.<anonymous> (E:\XAMPP\htdocs\autoLogin\server.js:21:13)
    at Module._compile (module.js:570:32)
    at Object.Module._extensions..js (module.js:579:10)
    at Module.load (module.js:487:32)
    at tryModuleLoad (module.js:446:12)
    at Function.Module._load (module.js:438:3)
    at Module.runMain (module.js:604:10)
    at run (bootstrap_node.js:394:7)
    at startup (bootstrap_node.js:149:9)
    at bootstrap_node.js:509:3
------------------------------
ERROR || 7/9/2017 7:10:4:158
	uncaughtException: Cannot find module 'crawler.js'Error: Cannot find module 'crawler.js'
    at Function.Module._resolveFilename (module.js:469:15)
    at Function.Module._load (module.js:417:25)
    at Module.require (module.js:497:17)
    at require (internal/module.js:20:19)
    at Object.<anonymous> (E:\XAMPP\htdocs\autoLogin\lib\routes.js:3:17)
    at Module._compile (module.js:570:32)
    at Object.Module._extensions..js (module.js:579:10)
    at Module.load (module.js:487:32)
    at tryModuleLoad (module.js:446:12)
    at Function.Module._load (module.js:438:3)
    at Module.require (module.js:497:17)
    at require (internal/module.js:20:19)
    at Object.<anonymous> (E:\XAMPP\htdocs\autoLogin\server.js:8:16)
    at Module._compile (module.js:570:32)
    at Object.Module._extensions..js (module.js:579:10)
    at Module.load (module.js:487:32)
------------------------------
ERROR || 7/9/2017 7:10:52:363
	uncaughtException: Cannot find module 'crawler.js'Error: Cannot find module 'crawler.js'
    at Function.Module._resolveFilename (module.js:469:15)
    at Function.Module._load (module.js:417:25)
    at Module.require (module.js:497:17)
    at require (internal/module.js:20:19)
    at Object.<anonymous> (E:\XAMPP\htdocs\autoLogin\lib\routes.js:2:17)
    at Module._compile (module.js:570:32)
    at Object.Module._extensions..js (module.js:579:10)
    at Module.load (module.js:487:32)
    at tryModuleLoad (module.js:446:12)
    at Function.Module._load (module.js:438:3)
    at Module.require (module.js:497:17)
    at require (internal/module.js:20:19)
    at Object.<anonymous> (E:\XAMPP\htdocs\autoLogin\server.js:8:16)
    at Module._compile (module.js:570:32)
    at Object.Module._extensions..js (module.js:579:10)
    at Module.load (module.js:487:32)
------------------------------
ERROR || 7/9/2017 7:11:53:322
	uncaughtException: Cannot find module 'crawler.js'Error: Cannot find module 'crawler.js'
    at Function.Module._resolveFilename (module.js:469:15)
    at Function.Module._load (module.js:417:25)
    at Module.require (module.js:497:17)
    at require (internal/module.js:20:19)
    at Object.<anonymous> (E:\XAMPP\htdocs\autoLogin\lib\routes.js:2:17)
    at Module._compile (module.js:570:32)
    at Object.Module._extensions..js (module.js:579:10)
    at Module.load (module.js:487:32)
    at tryModuleLoad (module.js:446:12)
    at Function.Module._load (module.js:438:3)
    at Module.require (module.js:497:17)
    at require (internal/module.js:20:19)
    at Object.<anonymous> (E:\XAMPP\htdocs\autoLogin\server.js:8:16)
    at Module._compile (module.js:570:32)
    at Object.Module._extensions..js (module.js:579:10)
    at Module.load (module.js:487:32)
------------------------------
ERROR || 7/9/2017 7:12:57:23
	uncaughtException: Cannot find module 'crawler.js'Error: Cannot find module 'crawler.js'
    at Function.Module._resolveFilename (module.js:469:15)
    at Function.Module._load (module.js:417:25)
    at Module.require (module.js:497:17)
    at require (internal/module.js:20:19)
    at Object.<anonymous> (E:\XAMPP\htdocs\autoLogin\lib\routes.js:2:17)
    at Module._compile (module.js:570:32)
    at Object.Module._extensions..js (module.js:579:10)
    at Module.load (module.js:487:32)
    at tryModuleLoad (module.js:446:12)
    at Function.Module._load (module.js:438:3)
    at Module.require (module.js:497:17)
    at require (internal/module.js:20:19)
    at Object.<anonymous> (E:\XAMPP\htdocs\autoLogin\server.js:8:16)
    at Module._compile (module.js:570:32)
    at Object.Module._extensions..js (module.js:579:10)
    at Module.load (module.js:487:32)
------------------------------
ERROR || 7/9/2017 7:13:12:263
	uncaughtException: Cannot find module 'crawler.js'Error: Cannot find module 'crawler.js'
    at Function.Module._resolveFilename (module.js:469:15)
    at Function.Module._load (module.js:417:25)
    at Module.require (module.js:497:17)
    at require (internal/module.js:20:19)
    at Object.<anonymous> (E:\XAMPP\htdocs\autoLogin\lib\routes.js:2:17)
    at Module._compile (module.js:570:32)
    at Object.Module._extensions..js (module.js:579:10)
    at Module.load (module.js:487:32)
    at tryModuleLoad (module.js:446:12)
    at Function.Module._load (module.js:438:3)
    at Module.require (module.js:497:17)
    at require (internal/module.js:20:19)
    at Object.<anonymous> (E:\XAMPP\htdocs\autoLogin\server.js:8:16)
    at Module._compile (module.js:570:32)
    at Object.Module._extensions..js (module.js:579:10)
    at Module.load (module.js:487:32)
------------------------------
ERROR || 7/9/2017 7:13:19:991
	uncaughtException: Cannot find module 'processHTML'Error: Cannot find module 'processHTML'
    at Function.Module._resolveFilename (module.js:469:15)
    at Function.Module._load (module.js:417:25)
    at Module.require (module.js:497:17)
    at require (internal/module.js:20:19)
    at Object.<anonymous> (E:\XAMPP\htdocs\autoLogin\lib\routes.js:3:21)
    at Module._compile (module.js:570:32)
    at Object.Module._extensions..js (module.js:579:10)
    at Module.load (module.js:487:32)
    at tryModuleLoad (module.js:446:12)
    at Function.Module._load (module.js:438:3)
    at Module.require (module.js:497:17)
    at require (internal/module.js:20:19)
    at Object.<anonymous> (E:\XAMPP\htdocs\autoLogin\server.js:8:16)
    at Module._compile (module.js:570:32)
    at Object.Module._extensions..js (module.js:579:10)
    at Module.load (module.js:487:32)
------------------------------
ERROR || 7/10/2017 6:57:7:834
	uncaughtException: listen EADDRINUSE :::3000Error: listen EADDRINUSE :::3000
    at Object.exports._errnoException (util.js:1022:11)
    at exports._exceptionWithHostPort (util.js:1045:20)
    at Server._listen2 (net.js:1259:14)
    at listen (net.js:1295:10)
    at Server.listen (net.js:1391:5)
    at EventEmitter.listen (E:\XAMPP\htdocs\autoLogin\node_modules\express\lib\application.js:618:24)
    at Object.<anonymous> (E:\XAMPP\htdocs\autoLogin\server.js:23:5)
    at Module._compile (module.js:570:32)
    at Object.Module._extensions..js (module.js:579:10)
    at Module.load (module.js:487:32)
    at tryModuleLoad (module.js:446:12)
    at Function.Module._load (module.js:438:3)
    at Module.runMain (module.js:604:10)
    at run (bootstrap_node.js:394:7)
    at startup (bootstrap_node.js:149:9)
    at bootstrap_node.js:509:3
------------------------------
ERROR || 7/10/2017 7:19:59:925
	uncaughtException: Unexpected token )E:\XAMPP\htdocs\autoLogin\lib\crawler.js:210
                    data.browser.clickLink(courseLink,function())
                                                                ^
SyntaxError: Unexpected token )
    at Object.exports.runInThisContext (vm.js:76:16)
    at Module._compile (module.js:542:28)
    at Object.Module._extensions..js (module.js:579:10)
    at Module.load (module.js:487:32)
    at tryModuleLoad (module.js:446:12)
    at Function.Module._load (module.js:438:3)
    at Module.require (module.js:497:17)
    at require (internal/module.js:20:19)
    at Object.<anonymous> (E:\XAMPP\htdocs\autoLogin\lib\routes.js:2:17)
    at Module._compile (module.js:570:32)
    at Object.Module._extensions..js (module.js:579:10)
    at Module.load (module.js:487:32)
    at tryModuleLoad (module.js:446:12)
    at Function.Module._load (module.js:438:3)
    at Module.require (module.js:497:17)
    at require (internal/module.js:20:19)
------------------------------
ERROR || 7/10/2017 7:20:3:743
	uncaughtException: Unexpected token )E:\XAMPP\htdocs\autoLogin\lib\crawler.js:210
                    data.browser.clickLink(courseLink,function(err,browser,status))
                                                                                  ^
SyntaxError: Unexpected token )
    at Object.exports.runInThisContext (vm.js:76:16)
    at Module._compile (module.js:542:28)
    at Object.Module._extensions..js (module.js:579:10)
    at Module.load (module.js:487:32)
    at tryModuleLoad (module.js:446:12)
    at Function.Module._load (module.js:438:3)
    at Module.require (module.js:497:17)
    at require (internal/module.js:20:19)
    at Object.<anonymous> (E:\XAMPP\htdocs\autoLogin\lib\routes.js:2:17)
    at Module._compile (module.js:570:32)
    at Object.Module._extensions..js (module.js:579:10)
    at Module.load (module.js:487:32)
    at tryModuleLoad (module.js:446:12)
    at Function.Module._load (module.js:438:3)
    at Module.require (module.js:497:17)
    at require (internal/module.js:20:19)
------------------------------
ERROR || 7/10/2017 7:27:5:949
	uncaughtException: missing ) after argument listE:\XAMPP\htdocs\autoLogin\lib\crawler.js:207
                    var courseLink = data.browser.querySelectorAll('#divCont table tbody tr:nth-child('+data.courseId') td a').innerHTML;
                                                                                                             ^^^^^^^^
SyntaxError: missing ) after argument list
    at Object.exports.runInThisContext (vm.js:76:16)
    at Module._compile (module.js:542:28)
    at Object.Module._extensions..js (module.js:579:10)
    at Module.load (module.js:487:32)
    at tryModuleLoad (module.js:446:12)
    at Function.Module._load (module.js:438:3)
    at Module.require (module.js:497:17)
    at require (internal/module.js:20:19)
    at Object.<anonymous> (E:\XAMPP\htdocs\autoLogin\lib\routes.js:2:17)
    at Module._compile (module.js:570:32)
    at Object.Module._extensions..js (module.js:579:10)
    at Module.load (module.js:487:32)
    at tryModuleLoad (module.js:446:12)
    at Function.Module._load (module.js:438:3)
    at Module.require (module.js:497:17)
    at require (internal/module.js:20:19)
------------------------------
ERROR || 7/10/2017 7:50:40:727
	uncaughtException: Unexpected token )E:\XAMPP\htdocs\autoLogin\lib\crawler.js:214
                    data.browser.click(courseLink.innerHTML,function(err,){
                                                                         ^
SyntaxError: Unexpected token )
    at Object.exports.runInThisContext (vm.js:76:16)
    at Module._compile (module.js:542:28)
    at Object.Module._extensions..js (module.js:579:10)
    at Module.load (module.js:487:32)
    at tryModuleLoad (module.js:446:12)
    at Function.Module._load (module.js:438:3)
    at Module.require (module.js:497:17)
    at require (internal/module.js:20:19)
    at Object.<anonymous> (E:\XAMPP\htdocs\autoLogin\lib\routes.js:2:17)
    at Module._compile (module.js:570:32)
    at Object.Module._extensions..js (module.js:579:10)
    at Module.load (module.js:487:32)
    at tryModuleLoad (module.js:446:12)
    at Function.Module._load (module.js:438:3)
    at Module.require (module.js:497:17)
    at require (internal/module.js:20:19)
------------------------------
ERROR || 7/10/2017 7:51:5:706
	uncaughtException: Unexpected token )E:\XAMPP\htdocs\autoLogin\lib\crawler.js:214
                    data.browser.clickLink(courseLink.innerHTML,function(err,){
                                                                             ^
SyntaxError: Unexpected token )
    at Object.exports.runInThisContext (vm.js:76:16)
    at Module._compile (module.js:542:28)
    at Object.Module._extensions..js (module.js:579:10)
    at Module.load (module.js:487:32)
    at tryModuleLoad (module.js:446:12)
    at Function.Module._load (module.js:438:3)
    at Module.require (module.js:497:17)
    at require (internal/module.js:20:19)
    at Object.<anonymous> (E:\XAMPP\htdocs\autoLogin\lib\routes.js:2:17)
    at Module._compile (module.js:570:32)
    at Object.Module._extensions..js (module.js:579:10)
    at Module.load (module.js:487:32)
    at tryModuleLoad (module.js:446:12)
    at Function.Module._load (module.js:438:3)
    at Module.require (module.js:497:17)
    at require (internal/module.js:20:19)
------------------------------
ERROR || 7/10/2017 7:52:25:726
	uncaughtException: Unexpected token }E:\XAMPP\htdocs\autoLogin\lib\crawler.js:217
                        })
                        ^
SyntaxError: Unexpected token }
    at Object.exports.runInThisContext (vm.js:76:16)
    at Module._compile (module.js:542:28)
    at Object.Module._extensions..js (module.js:579:10)
    at Module.load (module.js:487:32)
    at tryModuleLoad (module.js:446:12)
    at Function.Module._load (module.js:438:3)
    at Module.require (module.js:497:17)
    at require (internal/module.js:20:19)
    at Object.<anonymous> (E:\XAMPP\htdocs\autoLogin\lib\routes.js:2:17)
    at Module._compile (module.js:570:32)
    at Object.Module._extensions..js (module.js:579:10)
    at Module.load (module.js:487:32)
    at tryModuleLoad (module.js:446:12)
    at Function.Module._load (module.js:438:3)
    at Module.require (module.js:497:17)
    at require (internal/module.js:20:19)
------------------------------
ERROR || 7/10/2017 7:54:47:356
	uncaughtException: Cannot read property 'wait' of undefinedTypeError: Cannot read property 'wait' of undefined
    at E:\XAMPP\htdocs\autoLogin\lib\crawler.js:215:30
    at EventLoop.done (E:\XAMPP\htdocs\autoLogin\node_modules\zombie\lib\eventloop.js:589:11)
    at EventLoop.g (events.js:291:16)
    at emitNone (events.js:91:20)
    at EventLoop.emit (events.js:185:7)
    at Immediate.<anonymous> (E:\XAMPP\htdocs\autoLogin\node_modules\zombie\lib\eventloop.js:688:71)
    at runCallback (timers.js:649:20)
    at tryOnImmediate (timers.js:622:5)
    at processImmediate [as _immediateCallback] (timers.js:594:5)
------------------------------
ERROR || 7/10/2017 7:55:11:979
	uncaughtException: Cannot read property 'wait' of undefinedTypeError: Cannot read property 'wait' of undefined
    at E:\XAMPP\htdocs\autoLogin\lib\crawler.js:217:30
    at EventLoop.done (E:\XAMPP\htdocs\autoLogin\node_modules\zombie\lib\eventloop.js:589:11)
    at EventLoop.g (events.js:291:16)
    at emitNone (events.js:91:20)
    at EventLoop.emit (events.js:185:7)
    at Immediate.<anonymous> (E:\XAMPP\htdocs\autoLogin\node_modules\zombie\lib\eventloop.js:688:71)
    at runCallback (timers.js:649:20)
    at tryOnImmediate (timers.js:622:5)
    at processImmediate [as _immediateCallback] (timers.js:594:5)
------------------------------
ERROR || 7/10/2017 7:57:22:289
	uncaughtException: Unexpected token }E:\XAMPP\htdocs\autoLogin\lib\crawler.js:218
                    })
                    ^
SyntaxError: Unexpected token }
    at Object.exports.runInThisContext (vm.js:76:16)
    at Module._compile (module.js:542:28)
    at Object.Module._extensions..js (module.js:579:10)
    at Module.load (module.js:487:32)
    at tryModuleLoad (module.js:446:12)
    at Function.Module._load (module.js:438:3)
    at Module.require (module.js:497:17)
    at require (internal/module.js:20:19)
    at Object.<anonymous> (E:\XAMPP\htdocs\autoLogin\lib\routes.js:2:17)
    at Module._compile (module.js:570:32)
    at Object.Module._extensions..js (module.js:579:10)
    at Module.load (module.js:487:32)
    at tryModuleLoad (module.js:446:12)
    at Function.Module._load (module.js:438:3)
    at Module.require (module.js:497:17)
    at require (internal/module.js:20:19)
------------------------------
ERROR || 7/10/2017 8:5:8:166
	uncaughtException: Unexpected token =E:\XAMPP\htdocs\autoLogin\lib\processHTML.js:68
            lesson. = absencesTable[i].querySelectorAll('td')[1].innerHTML;
                    ^
SyntaxError: Unexpected token =
    at Object.exports.runInThisContext (vm.js:76:16)
    at Module._compile (module.js:542:28)
    at Object.Module._extensions..js (module.js:579:10)
    at Module.load (module.js:487:32)
    at tryModuleLoad (module.js:446:12)
    at Function.Module._load (module.js:438:3)
    at Module.require (module.js:497:17)
    at require (internal/module.js:20:19)
    at Object.<anonymous> (E:\XAMPP\htdocs\autoLogin\lib\routes.js:3:21)
    at Module._compile (module.js:570:32)
    at Object.Module._extensions..js (module.js:579:10)
    at Module.load (module.js:487:32)
    at tryModuleLoad (module.js:446:12)
    at Function.Module._load (module.js:438:3)
    at Module.require (module.js:497:17)
    at require (internal/module.js:20:19)
------------------------------
ERROR || 7/10/2017 8:10:25:117
	uncaughtException: Unexpected token (E:\XAMPP\htdocs\autoLogin\lib\routes.js:150
        ,then(crawler.getAbsencesAsHTML);
             ^
SyntaxError: Unexpected token (
    at Object.exports.runInThisContext (vm.js:76:16)
    at Module._compile (module.js:542:28)
    at Object.Module._extensions..js (module.js:579:10)
    at Module.load (module.js:487:32)
    at tryModuleLoad (module.js:446:12)
    at Function.Module._load (module.js:438:3)
    at Module.require (module.js:497:17)
    at require (internal/module.js:20:19)
    at Object.<anonymous> (E:\XAMPP\htdocs\autoLogin\server.js:8:16)
    at Module._compile (module.js:570:32)
    at Object.Module._extensions..js (module.js:579:10)
    at Module.load (module.js:487:32)
    at tryModuleLoad (module.js:446:12)
    at Function.Module._load (module.js:438:3)
    at Module.runMain (module.js:604:10)
    at run (bootstrap_node.js:394:7)
------------------------------
ERROR || 7/10/2017 8:10:36:223
	uncaughtException: Unexpected token .E:\XAMPP\htdocs\autoLogin\lib\routes.js:151
        .then(function (data) {
        ^
SyntaxError: Unexpected token .
    at Object.exports.runInThisContext (vm.js:76:16)
    at Module._compile (module.js:542:28)
    at Object.Module._extensions..js (module.js:579:10)
    at Module.load (module.js:487:32)
    at tryModuleLoad (module.js:446:12)
    at Function.Module._load (module.js:438:3)
    at Module.require (module.js:497:17)
    at require (internal/module.js:20:19)
    at Object.<anonymous> (E:\XAMPP\htdocs\autoLogin\server.js:8:16)
    at Module._compile (module.js:570:32)
    at Object.Module._extensions..js (module.js:579:10)
    at Module.load (module.js:487:32)
    at tryModuleLoad (module.js:446:12)
    at Function.Module._load (module.js:438:3)
    at Module.runMain (module.js:604:10)
    at run (bootstrap_node.js:394:7)
------------------------------
ERROR || 7/31/2017 14:56:48:284
	uncaughtException: app is not definedReferenceError: app is not defined
    at Object.<anonymous> (C:\xampp\htdocs\BEU_Grade_Calculator\lib\routes.js:181:1)
    at Module._compile (module.js:570:32)
    at Object.Module._extensions..js (module.js:579:10)
    at Module.load (module.js:487:32)
    at tryModuleLoad (module.js:446:12)
    at Function.Module._load (module.js:438:3)
    at Module.require (module.js:497:17)
    at require (internal/module.js:20:19)
    at Object.<anonymous> (C:\xampp\htdocs\BEU_Grade_Calculator\server.js:8:16)
    at Module._compile (module.js:570:32)
    at Object.Module._extensions..js (module.js:579:10)
    at Module.load (module.js:487:32)
    at tryModuleLoad (module.js:446:12)
    at Function.Module._load (module.js:438:3)
    at Module.runMain (module.js:604:10)
    at run (bootstrap_node.js:390:7)
------------------------------
